[    0.000000] Linux version 4.15.0-202-generic (buildd@lcy02-amd64-115) (gcc version 7.5.0 (Ubuntu 7.5.0-3ubuntu1~18.04)) #213-Ubuntu SMP Thu Jan 5 19:19:12 UTC 2023 (Ubuntu 4.15.0-202.213-generic 4.15.18)
[    0.000000] Command line: BOOT_IMAGE=/boot/vmlinuz-4.15.0-202-generic root=LABEL=cloudimg-rootfs ro console=tty1 console=ttyS0
[    0.000000] KERNEL supported cpus:
[    0.000000]   Intel GenuineIntel
[    0.000000]   AMD AuthenticAMD
[    0.000000]   Centaur CentaurHauls
[    0.000000] x86/fpu: Supporting XSAVE feature 0x001: 'x87 floating point registers'
[    0.000000] x86/fpu: Supporting XSAVE feature 0x002: 'SSE registers'
[    0.000000] x86/fpu: Supporting XSAVE feature 0x004: 'AVX registers'
[    0.000000] x86/fpu: xstate_offset[2]:  576, xstate_sizes[2]:  256
[    0.000000] x86/fpu: Enabled xstate features 0x7, context size is 832 bytes, using 'standard' format.
[    0.000000] e820: BIOS-provided physical RAM map:
[    0.000000] BIOS-e820: [mem 0x0000000000000000-0x000000000009fbff] usable
[    0.000000] BIOS-e820: [mem 0x000000000009fc00-0x000000000009ffff] reserved
[    0.000000] BIOS-e820: [mem 0x00000000000f0000-0x00000000000fffff] reserved
[    0.000000] BIOS-e820: [mem 0x0000000000100000-0x000000007ffeffff] usable
[    0.000000] BIOS-e820: [mem 0x000000007fff0000-0x000000007fffffff] ACPI data
[    0.000000] BIOS-e820: [mem 0x00000000fec00000-0x00000000fec00fff] reserved
[    0.000000] BIOS-e820: [mem 0x00000000fee00000-0x00000000fee00fff] reserved
[    0.000000] BIOS-e820: [mem 0x00000000fffc0000-0x00000000ffffffff] reserved
[    0.000000] NX (Execute Disable) protection: active
[    0.000000] SMBIOS 2.5 present.
[    0.000000] DMI: innotek GmbH VirtualBox/VirtualBox, BIOS VirtualBox 12/01/2006
[    0.000000] Hypervisor detected: KVM
[    0.000000] e820: last_pfn = 0x7fff0 max_arch_pfn = 0x400000000
[    0.000000] MTRR: Disabled
[    0.000000] x86/PAT: MTRRs disabled, skipping PAT initialization too.
[    0.000000] CPU MTRRs all blank - virtualized system.
[    0.000000] x86/PAT: Configuration [0-7]: WB  WT  UC- UC  WB  WT  UC- UC  
[    0.000000] found SMP MP-table at [mem 0x0009fff0-0x0009ffff]
[    0.000000] Scanning 1 areas for low memory corruption
[    0.000000] RAMDISK: [mem 0x359cb000-0x36cdcfff]
[    0.000000] ACPI: Early table checksum verification disabled
[    0.000000] ACPI: RSDP 0x00000000000E0000 000024 (v02 VBOX  )
[    0.000000] ACPI: XSDT 0x000000007FFF0030 00003C (v01 VBOX   VBOXXSDT 00000001 ASL  00000061)
[    0.000000] ACPI: FACP 0x000000007FFF00F0 0000F4 (v04 VBOX   VBOXFACP 00000001 ASL  00000061)
[    0.000000] ACPI: DSDT 0x000000007FFF0480 002325 (v02 VBOX   VBOXBIOS 00000002 INTL 20160527)
[    0.000000] ACPI: FACS 0x000000007FFF0200 000040
[    0.000000] ACPI: FACS 0x000000007FFF0200 000040
[    0.000000] ACPI: APIC 0x000000007FFF0240 00006C (v02 VBOX   VBOXAPIC 00000001 ASL  00000061)
[    0.000000] ACPI: SSDT 0x000000007FFF02B0 0001CC (v01 VBOX   VBOXCPUT 00000002 INTL 20160527)
[    0.000000] ACPI: Reserving FACP table memory at [mem 0x7fff00f0-0x7fff01e3]
[    0.000000] ACPI: Reserving DSDT table memory at [mem 0x7fff0480-0x7fff27a4]
[    0.000000] ACPI: Reserving FACS table memory at [mem 0x7fff0200-0x7fff023f]
[    0.000000] ACPI: Reserving FACS table memory at [mem 0x7fff0200-0x7fff023f]
[    0.000000] ACPI: Reserving APIC table memory at [mem 0x7fff0240-0x7fff02ab]
[    0.000000] ACPI: Reserving SSDT table memory at [mem 0x7fff02b0-0x7fff047b]
[    0.000000] No NUMA configuration found
[    0.000000] Faking a node at [mem 0x0000000000000000-0x000000007ffeffff]
[    0.000000] NODE_DATA(0) allocated [mem 0x7ffc5000-0x7ffeffff]
[    0.000000] kvm-clock: cpu 0, msr 0:7ff44001, primary cpu clock
[    0.000000] kvm-clock: Using msrs 4b564d01 and 4b564d00
[    0.000000] kvm-clock: using sched offset of 4287345859 cycles
[    0.000000] clocksource: kvm-clock: mask: 0xffffffffffffffff max_cycles: 0x1cd42e4dffb, max_idle_ns: 881590591483 ns
[    0.000000] Zone ranges:
[    0.000000]   DMA      [mem 0x0000000000001000-0x0000000000ffffff]
[    0.000000]   DMA32    [mem 0x0000000001000000-0x000000007ffeffff]
[    0.000000]   Normal   empty
[    0.000000]   Device   empty
[    0.000000] Movable zone start for each node
[    0.000000] Early memory node ranges
[    0.000000]   node   0: [mem 0x0000000000001000-0x000000000009efff]
[    0.000000]   node   0: [mem 0x0000000000100000-0x000000007ffeffff]
[    0.000000] Reserved but unavailable: 104 pages
[    0.000000] Initmem setup node 0 [mem 0x0000000000001000-0x000000007ffeffff]
[    0.000000] ACPI: PM-Timer IO Port: 0x4008
[    0.000000] IOAPIC[0]: apic_id 4, version 32, address 0xfec00000, GSI 0-23
[    0.000000] ACPI: INT_SRC_OVR (bus 0 bus_irq 0 global_irq 2 dfl dfl)
[    0.000000] ACPI: INT_SRC_OVR (bus 0 bus_irq 9 global_irq 9 low level)
[    0.000000] Using ACPI (MADT) for SMP configuration information
[    0.000000] smpboot: Allowing 4 CPUs, 0 hotplug CPUs
[    0.000000] PM: Registered nosave memory: [mem 0x00000000-0x00000fff]
[    0.000000] PM: Registered nosave memory: [mem 0x0009f000-0x0009ffff]
[    0.000000] PM: Registered nosave memory: [mem 0x000a0000-0x000effff]
[    0.000000] PM: Registered nosave memory: [mem 0x000f0000-0x000fffff]
[    0.000000] e820: [mem 0x80000000-0xfebfffff] available for PCI devices
[    0.000000] Booting paravirtualized kernel on KVM
[    0.000000] clocksource: refined-jiffies: mask: 0xffffffff max_cycles: 0xffffffff, max_idle_ns: 7645519600211568 ns
[    0.000000] setup_percpu: NR_CPUS:8192 nr_cpumask_bits:4 nr_cpu_ids:4 nr_node_ids:1
[    0.000000] percpu: Embedded 50 pages/cpu s167936 r8192 d28672 u524288
[    0.000000] PV qspinlock hash table entries: 256 (order: 0, 4096 bytes)
[    0.000000] Built 1 zonelists, mobility grouping on.  Total pages: 515961
[    0.000000] Policy zone: DMA32
[    0.000000] Kernel command line: BOOT_IMAGE=/boot/vmlinuz-4.15.0-202-generic root=LABEL=cloudimg-rootfs ro console=tty1 console=ttyS0
[    0.000000] Memory: 2014444K/2096696K available (12300K kernel code, 2477K rwdata, 4320K rodata, 2472K init, 2720K bss, 82252K reserved, 0K cma-reserved)
[    0.000000] SLUB: HWalign=64, Order=0-3, MinObjects=0, CPUs=4, Nodes=1
[    0.000000] Kernel/User page tables isolation: enabled
[    0.000000] ftrace: allocating 39478 entries in 155 pages
[    0.004000] Hierarchical RCU implementation.
[    0.004000] 	RCU restricting CPUs from NR_CPUS=8192 to nr_cpu_ids=4.
[    0.004000] 	Tasks RCU enabled.
[    0.004000] RCU: Adjusting geometry for rcu_fanout_leaf=16, nr_cpu_ids=4
[    0.004000] NR_IRQS: 524544, nr_irqs: 456, preallocated irqs: 16
[    0.004000] Console: colour VGA+ 80x25
[    0.004000] console [tty1] enabled
[    0.004000] console [ttyS0] enabled
[    0.004000] ACPI: Core revision 20170831
[    0.004000] ACPI: 2 ACPI AML tables successfully acquired and loaded
[    0.004000] APIC: Switch to symmetric I/O mode setup
[    0.004000] x2apic enabled
[    0.004000] Switched APIC routing to physical x2apic.
[    0.005806] ..TIMER: vector=0x30 apic1=0 pin1=2 apic2=-1 pin2=-1
[    0.008005] tsc: Detected 1995.104 MHz processor
[    0.009312] Calibrating delay loop (skipped) preset value.. 3990.20 BogoMIPS (lpj=7980416)
[    0.010279] pid_max: default: 32768 minimum: 301
[    0.012108] Security Framework initialized
[    0.013662] Yama: becoming mindful.
[    0.016056] AppArmor: AppArmor initialized
[    0.018712] Dentry cache hash table entries: 262144 (order: 9, 2097152 bytes)
[    0.021491] Inode-cache hash table entries: 131072 (order: 8, 1048576 bytes)
[    0.024037] Mount-cache hash table entries: 4096 (order: 3, 32768 bytes)
[    0.026045] Mountpoint-cache hash table entries: 4096 (order: 3, 32768 bytes)
[    0.028537] Last level iTLB entries: 4KB 512, 2MB 8, 4MB 8
[    0.030314] Last level dTLB entries: 4KB 512, 2MB 32, 4MB 32, 1GB 0
[    0.032006] Spectre V1 : Mitigation: usercopy/swapgs barriers and __user pointer sanitization
[    0.036006] Spectre V2 : Mitigation: Retpolines
[    0.037412] Spectre V2 : Spectre v2 / SpectreRSB mitigation: Filling RSB on context switch
[    0.040005] Speculative Store Bypass: Vulnerable
[    0.041533] MDS: Mitigation: Clear CPU buffers
[    0.043212] MMIO Stale Data: Unknown: No mitigations
[    0.044283] Freeing SMP alternatives memory: 36K
[    0.158357] smpboot: CPU0: Intel(R) Xeon(R) CPU E5-2620 0 @ 2.00GHz (family: 0x6, model: 0x2d, stepping: 0x7)
[    0.160000] Performance Events: unsupported p6 CPU model 45 no PMU driver, software events only.
[    0.160085] Hierarchical SRCU implementation.
[    0.164361] NMI watchdog: Perf event create on CPU 0 failed with -2
[    0.166232] NMI watchdog: Perf NMI watchdog permanently disabled
[    0.168097] smp: Bringing up secondary CPUs ...
[    0.169663] x86: Booting SMP configuration:
[    0.170974] .... node  #0, CPUs:      #1
[    0.004000] kvm-clock: cpu 1, msr 0:7ff44041, secondary cpu clock
[    0.176186]  #2
[    0.004000] kvm-clock: cpu 2, msr 0:7ff44081, secondary cpu clock
[    0.183006]  #3
[    0.004000] kvm-clock: cpu 3, msr 0:7ff440c1, secondary cpu clock
[    0.188036] smp: Brought up 1 node, 4 CPUs
[    0.189699] smpboot: Max logical packages: 1
[    0.192008] smpboot: Total of 4 processors activated (15960.83 BogoMIPS)
[    0.194800] devtmpfs: initialized
[    0.196095] x86/mm: Memory block size: 128MB
[    0.198408] evm: security.selinux
[    0.200008] evm: security.SMACK64
[    0.201364] evm: security.SMACK64EXEC
[    0.202711] evm: security.SMACK64TRANSMUTE
[    0.204006] evm: security.SMACK64MMAP
[    0.205414] evm: security.apparmor
[    0.206708] evm: security.ima
[    0.208007] evm: security.capability
[    0.210800] clocksource: jiffies: mask: 0xffffffff max_cycles: 0xffffffff, max_idle_ns: 7645041785100000 ns
[    0.216007] futex hash table entries: 1024 (order: 4, 65536 bytes)
[    0.218402] pinctrl core: initialized pinctrl subsystem
[    0.220199] RTC time: 18:35:15, date: 01/19/23
[    0.222971] NET: Registered protocol family 16
[    0.224150] audit: initializing netlink subsys (disabled)
[    0.226244] audit: type=2000 audit(1674153321.402:1): state=initialized audit_enabled=0 res=1
[    0.232017] cpuidle: using governor ladder
[    0.233636] cpuidle: using governor menu
[    0.236088] ACPI: bus type PCI registered
[    0.237610] acpiphp: ACPI Hot Plug PCI Controller Driver version: 0.5
[    0.240195] PCI: Using configuration type 1 for base access
[    0.244756] HugeTLB registered 2.00 MiB page size, pre-allocated 0 pages
[    0.248138] ACPI: Added _OSI(Module Device)
[    0.250016] ACPI: Added _OSI(Processor Device)
[    0.252019] ACPI: Added _OSI(3.0 _SCP Extensions)
[    0.253900] ACPI: Added _OSI(Processor Aggregator Device)
[    0.255871] ACPI: Added _OSI(Linux-Dell-Video)
[    0.256016] ACPI: Added _OSI(Linux-Lenovo-NV-HDMI-Audio)
[    0.260007] ACPI: Added _OSI(Linux-HPI-Hybrid-Graphics)
[    0.262609] ACPI: Executed 1 blocks of module-level executable AML code
[    0.271368] ACPI: Interpreter enabled
[    0.272028] ACPI: (supports S0 S5)
[    0.273661] ACPI: Using IOAPIC for interrupt routing
[    0.276451] PCI: Using host bridge windows from ACPI; if necessary, use "pci=nocrs" and report a bug
[    0.280638] ACPI: Enabled 2 GPEs in block 00 to 07
[    0.294477] ACPI: PCI Root Bridge [PCI0] (domain 0000 [bus 00-ff])
[    0.296017] acpi PNP0A03:00: _OSC: OS supports [ASPM ClockPM Segments MSI]
[    0.300579] acpi PNP0A03:00: _OSC: not requesting OS control; OS requires [ExtendedConfig ASPM ClockPM MSI]
[    0.304026] acpi PNP0A03:00: fail to add MMCONFIG information, can't access extended PCI configuration space under this bridge.
[    0.308778] PCI host bridge to bus 0000:00
[    0.310333] pci_bus 0000:00: root bus resource [io  0x0000-0x0cf7 window]
[    0.312008] pci_bus 0000:00: root bus resource [io  0x0d00-0xffff window]
[    0.316008] pci_bus 0000:00: root bus resource [mem 0x000a0000-0x000bffff window]
[    0.318734] pci_bus 0000:00: root bus resource [mem 0x80000000-0xfdffffff window]
[    0.320009] pci_bus 0000:00: root bus resource [bus 00-ff]
[    0.328961] pci 0000:00:01.1: legacy IDE quirk: reg 0x10: [io  0x01f0-0x01f7]
[    0.331619] pci 0000:00:01.1: legacy IDE quirk: reg 0x14: [io  0x03f6]
[    0.332007] pci 0000:00:01.1: legacy IDE quirk: reg 0x18: [io  0x0170-0x0177]
[    0.336007] pci 0000:00:01.1: legacy IDE quirk: reg 0x1c: [io  0x0376]
[    0.390672] pci 0000:00:07.0: quirk: [io  0x4000-0x403f] claimed by PIIX4 ACPI
[    0.392032] pci 0000:00:07.0: quirk: [io  0x4100-0x410f] claimed by PIIX4 SMB
[    0.431045] ACPI: PCI Interrupt Link [LNKA] (IRQs 5 9 10 *11)
[    0.432612] ACPI: PCI Interrupt Link [LNKB] (IRQs 5 9 *10 11)
[    0.436238] ACPI: PCI Interrupt Link [LNKC] (IRQs 5 *9 10 11)
[    0.440231] ACPI: PCI Interrupt Link [LNKD] (IRQs 5 9 10 *11)
[    0.443265] SCSI subsystem initialized
[    0.444135] pci 0000:00:02.0: vgaarb: setting as boot VGA device
[    0.446618] pci 0000:00:02.0: vgaarb: VGA device added: decodes=io+mem,owns=io+mem,locks=none
[    0.448012] pci 0000:00:02.0: vgaarb: bridge control possible
[    0.452006] vgaarb: loaded
[    0.453117] ACPI: bus type USB registered
[    0.456054] usbcore: registered new interface driver usbfs
[    0.458056] usbcore: registered new interface driver hub
[    0.460023] usbcore: registered new device driver usb
[    0.461952] EDAC MC: Ver: 3.0.0
[    0.464474] PCI: Using ACPI for IRQ routing
[    0.466464] NetLabel: Initializing
[    0.468007] NetLabel:  domain hash size = 128
[    0.469520] NetLabel:  protocols = UNLABELED CIPSOv4 CALIPSO
[    0.472054] NetLabel:  unlabeled traffic allowed by default
[    0.474094] clocksource: Switched to clocksource kvm-clock
[    0.497391] VFS: Disk quotas dquot_6.6.0
[    0.499035] VFS: Dquot-cache hash table entries: 512 (order 0, 4096 bytes)
[    0.501741] AppArmor: AppArmor Filesystem Enabled
[    0.503451] pnp: PnP ACPI init
[    0.506494] pnp: PnP ACPI: found 3 devices
[    0.522304] clocksource: acpi_pm: mask: 0xffffff max_cycles: 0xffffff, max_idle_ns: 2085701024 ns
[    0.525351] NET: Registered protocol family 2
[    0.526936] IP idents hash table entries: 32768 (order: 6, 262144 bytes)
[    0.529895] TCP established hash table entries: 16384 (order: 5, 131072 bytes)
[    0.532502] TCP bind hash table entries: 16384 (order: 6, 262144 bytes)
[    0.534831] TCP: Hash tables configured (established 16384 bind 16384)
[    0.537501] UDP hash table entries: 1024 (order: 3, 32768 bytes)
[    0.539777] UDP-Lite hash table entries: 1024 (order: 3, 32768 bytes)
[    0.542315] NET: Registered protocol family 1
[    0.543857] pci 0000:00:00.0: Limiting direct PCI/PCI transfers
[    0.546157] pci 0000:00:01.0: Activating ISA DMA hang workarounds
[    0.548335] pci 0000:00:02.0: Video device with shadowed ROM at [mem 0x000c0000-0x000dffff]
[    0.551403] Unpacking initramfs...
[    0.989804] Freeing initrd memory: 19528K
[    0.991714] clocksource: tsc: mask: 0xffffffffffffffff max_cycles: 0x39843a855e2, max_idle_ns: 881590688655 ns
[    0.995269] platform rtc_cmos: registered platform RTC device (no PNP device found)
[    0.998059] Scanning for low memory corruption every 60 seconds
[    1.001494] Initialise system trusted keyrings
[    1.003142] Key type blacklist registered
[    1.004834] workingset: timestamp_bits=36 max_order=19 bucket_order=0
[    1.009229] zbud: loaded
[    1.011217] squashfs: version 4.0 (2009/01/31) Phillip Lougher
[    1.013703] fuse init (API version 7.26)
[    1.027018] Key type asymmetric registered
[    1.028569] Asymmetric key parser 'x509' registered
[    1.030396] Block layer SCSI generic (bsg) driver version 0.4 loaded (major 246)
[    1.033210] io scheduler noop registered
[    1.034581] io scheduler deadline registered
[    1.036302] io scheduler cfq registered (default)
[    1.038652] ACPI: AC Adapter [AC] (on-line)
[    1.040272] input: Power Button as /devices/LNXSYSTM:00/LNXPWRBN:00/input/input0
[    1.042984] ACPI: Power Button [PWRF]
[    1.044477] input: Sleep Button as /devices/LNXSYSTM:00/LNXSLPBN:00/input/input1
[    1.047155] ACPI: Sleep Button [SLPF]
[    1.049308] Serial: 8250/16550 driver, 32 ports, IRQ sharing enabled
[    1.072867] 00:02: ttyS0 at I/O 0x3f8 (irq = 4, base_baud = 115200) is a 16550A
[    1.080662] Linux agpgart interface v0.103
[    1.086087] loop: module loaded
[    1.088331] scsi host0: ata_piix
[    1.089864] scsi host1: ata_piix
[    1.091161] ata1: PATA max UDMA/33 cmd 0x1f0 ctl 0x3f6 bmdma 0xd000 irq 14
[    1.093581] ata2: PATA max UDMA/33 cmd 0x170 ctl 0x376 bmdma 0xd008 irq 15
[    1.096097] tun: Universal TUN/TAP device driver, 1.6
[    1.097974] PPP generic driver version 2.4.2
[    1.099542] ehci_hcd: USB 2.0 'Enhanced' Host Controller (EHCI) Driver
[    1.101770] ehci-pci: EHCI PCI platform driver
[    1.103263] ehci-platform: EHCI generic platform driver
[    1.105123] ohci_hcd: USB 1.1 'Open' Host Controller (OHCI) Driver
[    1.107179] ohci-pci: OHCI PCI platform driver
[    1.108803] ohci-platform: OHCI generic platform driver
[    1.110553] uhci_hcd: USB Universal Host Controller Interface driver
[    1.112793] i8042: PNP: PS/2 Controller [PNP0303:PS2K,PNP0f03:PS2M] at 0x60,0x64 irq 1,12
[    1.116204] serio: i8042 KBD port at 0x60,0x64 irq 1
[    1.118050] serio: i8042 AUX port at 0x60,0x64 irq 12
[    1.120360] mousedev: PS/2 mouse device common for all mice
[    1.123234] input: AT Translated Set 2 keyboard as /devices/platform/i8042/serio0/input/input2
[    1.126601] rtc_cmos rtc_cmos: rtc core: registered rtc_cmos as rtc0
[    1.128955] rtc_cmos rtc_cmos: alarms up to one day, 114 bytes nvram
[    1.131082] i2c /dev entries driver
[    1.132483] device-mapper: uevent: version 1.0.3
[    1.134223] device-mapper: ioctl: 4.37.0-ioctl (2017-09-20) initialised: dm-devel@redhat.com
[    1.137625] ledtrig-cpu: registered to indicate activity on CPUs
[    1.140438] NET: Registered protocol family 10
[    1.155316] Segment Routing with IPv6
[    1.156794] NET: Registered protocol family 17
[    1.158732] Key type dns_resolver registered
[    1.161557] mce: Using 0 MCE banks
[    1.162933] RAS: Correctable Errors collector initialized.
[    1.164888] sched_clock: Marking stable (1164838649, 0)->(1461062140, -296223491)
[    1.168664] registered taskstats version 1
[    1.170147] Loading compiled-in X.509 certificates
[    1.177182] Loaded X.509 cert 'Build time autogenerated kernel key: f114f3958ed3c37ba1924ca66ae8368f3c35b0e4'
[    1.182232] Loaded X.509 cert 'Canonical Ltd. Live Patch Signing: 14df34d1a87cf37625abec039ef2bf521249b969'
[    1.186673] Loaded X.509 cert 'Canonical Ltd. Kernel Module Signing: 88f752e560a1e0737e31163a466ad7b70a850c19'
[    1.190021] blacklist: Loading compiled-in revocation X.509 certificates
[    1.192359] Loaded X.509 cert 'Canonical Ltd. Secure Boot Signing: 61482aa2830d0ab2ad5af10b7250da9033ddcef0'
[    1.195757] zswap: loaded using pool lzo/zbud
[    1.210229] Key type big_key registered
[    1.211644] Key type trusted registered
[    1.219533] Key type encrypted registered
[    1.221114] AppArmor: AppArmor sha1 policy hashing enabled
[    1.223019] ima: No TPM chip found, activating TPM-bypass! (rc=-19)
[    1.225308] ima: Allocated hash algorithm: sha1
[    1.226893] evm: HMAC attrs: 0x1
[    1.228562]   Magic number: 7:336:595
[    1.230187] rtc_cmos rtc_cmos: setting system clock to 2023-01-19 18:35:16 UTC (1674153316)
[    1.233681] BIOS EDD facility v0.16 2004-Jun-25, 0 devices found
[    1.235763] EDD information not available.
[    1.286039] Freeing unused kernel image memory: 2472K
[    1.300089] Write protecting the kernel read-only data: 20480k
[    1.303695] Freeing unused kernel image memory: 2008K
[    1.306417] Freeing unused kernel image memory: 1824K
[    1.319346] x86/mm: Checked W+X mappings: passed, no W+X pages found.
[    1.321861] x86/mm: Checking user space page tables
[    1.334518] x86/mm: Checked W+X mappings: passed, no W+X pages found.
Loading, please wait...
starting version 237
[    1.520628] e1000: Intel(R) PRO/1000 Network Driver - version 7.3.21-k8-NAPI
[    1.523927] e1000: Copyright (c) 1999-2006 Intel Corporation.
[    1.526601] Fusion MPT base driver 3.04.20
[    1.528180] Copyright (c) 1999-2008 LSI Corporation
[    1.552394] Fusion MPT SPI Host driver 3.04.20
[    1.561082] AVX version of gcm_enc/dec engaged.
[    1.562736] AES CTR mode by8 optimization enabled
[    1.762984] input: ImExPS/2 Generic Explorer Mouse as /devices/platform/i8042/serio1/input/input4
[    2.026993] e1000 0000:00:03.0 eth0: (PCI:33MHz:32-bit) 02:b0:55:75:d1:60
[    2.029747] e1000 0000:00:03.0 eth0: Intel(R) PRO/1000 Network Connection
[    3.039902] e1000 0000:00:08.0 eth1: (PCI:33MHz:32-bit) 08:00:27:6e:89:5c
[    3.043576] e1000 0000:00:08.0 eth1: Intel(R) PRO/1000 Network Connection
[    3.050104] e1000 0000:00:03.0 enp0s3: renamed from eth0
[    3.052650] mptbase: ioc0: Initiating bringup
[    3.102682] e1000 0000:00:08.0 enp0s8: renamed from eth1
[    3.538077] ioc0: LSI53C1030 A0: Capabilities={Initiator}
[    6.334131] scsi host2: ioc0: LSI53C1030 A0, FwRev=00000000h, Ports=1, MaxQ=256, IRQ=20
[    7.547579] scsi 2:0:0:0: Direct-Access     VBOX     HARDDISK         1.0  PQ: 0 ANSI: 5
[    8.474769] scsi target2:0:0: Beginning Domain Validation
[    8.485114] scsi target2:0:0: Domain Validation skipping write tests
[    8.489892] scsi target2:0:0: Ending Domain Validation
[    8.493563] scsi target2:0:0: asynchronous
[    8.498148] scsi 2:0:1:0: Direct-Access     VBOX     HARDDISK         1.0  PQ: 0 ANSI: 5
[    9.408760] scsi target2:0:1: Beginning Domain Validation
[    9.417405] scsi target2:0:1: Domain Validation skipping write tests
[    9.421328] scsi target2:0:1: Ending Domain Validation
[    9.424356] scsi target2:0:1: asynchronous
[    9.437131] sd 2:0:0:0: Attached scsi generic sg0 type 0
[    9.437517] sd 2:0:0:0: [sda] 83886080 512-byte logical blocks: (42.9 GB/40.0 GiB)
[    9.440435] sd 2:0:1:0: Attached scsi generic sg1 type 0
[    9.446262] sd 2:0:1:0: [sdb] 20480 512-byte logical blocks: (10.5 MB/10.0 MiB)
[    9.446808] sd 2:0:0:0: [sda] Write Protect is off
[    9.447149] sd 2:0:0:0: [sda] Incomplete mode parameter data
[    9.447152] sd 2:0:0:0: [sda] Assuming drive cache: write through
[    9.457174]  sda: sda1
[    9.461189] sd 2:0:1:0: [sdb] Write Protect is off
[    9.465022] sd 2:0:0:0: [sda] Attached SCSI disk
[    9.469911] sd 2:0:1:0: [sdb] Incomplete mode parameter data
[    9.473516] sd 2:0:1:0: [sdb] Assuming drive cache: write through
[    9.488514] sd 2:0:1:0: [sdb] Attached SCSI disk
Begin: Loading essential drivers ... [   11.368112] raid6: sse2x1   gen()  3611 MB/s
[   11.416324] raid6: sse2x1   xor()  3270 MB/s
[   11.464074] raid6: sse2x2   gen()  6204 MB/s
[   11.512101] raid6: sse2x2   xor()  4482 MB/s
[   11.560087] raid6: sse2x4   gen()  7791 MB/s
[   11.608072] raid6: sse2x4   xor()  5183 MB/s
[   11.610274] raid6: using algorithm sse2x4 gen() 7791 MB/s
[   11.612936] raid6: .... xor() 5183 MB/s, rmw enabled
[   11.615419] raid6: using ssse3x2 recovery algorithm
[   11.620375] xor: automatically using best checksumming function   avx       
[   11.626816] async_tx: api initialized (async)
done.
Begin: Running /scripts/init-premount ... done.
Begin: Mounting root file system ... Begin: Running /scripts/local-top ... done.
Begin: Running /scripts/local-premount ... [   11.755802] Btrfs loaded, crc32c=crc32c-intel
Scanning for Btrfs filesystems
done.
Warning: fsck not present, so skipping root file system
[   11.846656] EXT4-fs (sda1): mounted filesystem with ordered data mode. Opts: (null)
done.
Begin: Running /scripts/local-bottom ... done.
Begin: Running /scripts/init-bottom ... done.
[   12.567341] ip_tables: (C) 2000-2006 Netfilter Core Team
[   12.618825] systemd[1]: systemd 237 running in system mode. (+PAM +AUDIT +SELINUX +IMA +APPARMOR +SMACK +SYSVINIT +UTMP +LIBCRYPTSETUP +GCRYPT +GNUTLS +ACL +XZ +LZ4 +SECCOMP +BLKID +ELFUTILS +KMOD -IDN2 +IDN -PCRE2 default-hierarchy=hybrid)
[   12.630250] systemd[1]: Detected virtualization oracle.
[   12.633288] systemd[1]: Detected architecture x86-64.

Welcome to [1mUbuntu 18.04.6 LTS[0m!

[   12.664519] systemd[1]: Set hostname to <ubuntu>.
[   12.679103] random: systemd: uninitialized urandom read (16 bytes read)
[   12.682611] systemd[1]: Initializing machine ID from random generator.
[   12.685760] systemd[1]: Installed transient /etc/machine-id file.
[   15.481263] random: systemd: uninitialized urandom read (16 bytes read)
[   15.484953] systemd[1]: Reached target Swap.
[[0;32m  OK  [0m] Reached target Swap.
[   15.488702] random: systemd: uninitialized urandom read (16 bytes read)
[   15.500114] systemd[1]: Created slice System Slice.
[[0;32m  OK  [0m] Created slice System Slice.
[   15.504723] random: systemd: uninitialized urandom read (16 bytes read)
[   15.509052] systemd[1]: Listening on LVM2 poll daemon socket.
[[0;32m  OK  [0m] Listening on LVM2 poll daemon socket.
[   16.180084] systemd[1]: Listening on Device-mapper event daemon FIFOs.
[[0;32m  OK  [0m] Listening on Device-mapper event daemon FIFOs.
[[0;32m  OK  [0m] Set up automount Arbitrary Executab…rmats File System Automount Point.
[[0;32m  OK  [0m] Listening on Network Service Netlink Socket.
[[0;32m  OK  [0m] Listening on /dev/initctl Compatibility Named Pipe.
[[0;32m  OK  [0m] Reached target User and Group Name Lookups.
[[0;32m  OK  [0m] Listening on Syslog Socket.
[[0;32m  OK  [0m] Created slice system-serial\x2dgetty.slice.
[[0;32m  OK  [0m] Listening on Journal Audit Socket.
[[0;32m  OK  [0m] Reached target System Time Synchronized.
[[0;32m  OK  [0m] Listening on Journal Socket (/dev/log).
[[0;32m  OK  [0m] Listening on fsck to fsckd communication Socket.
[[0;32m  OK  [0m] Started Forward Password Requests to Wall Directory Watch.
[[0;32m  OK  [0m] Created slice User and Session Slice.
[[0;32m  OK  [0m] Listening on LVM2 metadata daemon socket.
[[0;32m  OK  [0m] Reached target Slices.
[[0;32m  OK  [0m] Listening on udev Control Socket.
[[0;32m  OK  [0m] Listening on udev Kernel Socket.
[[0;32m  OK  [0m] Listening on Journal Socket.
         Starting File System Check on Root Device...
         Mounting POSIX Message Queue File System...
         Starting Load Kernel Modules...
         Starting Set the console keyboard layout...
         Starting Create list of required st…ce nodes for the current kernel...
         Mounting Huge Pages File System...
         Starting Monitoring of LVM2 mirrors…ng dmeventd or progress polling...
         Starting udev Coldplug all Devices...
[   16.613117] random: systemd: uninitialized urandom read (16 bytes read)
         Starting Uncomplicated firewall...
[   16.622187] random: systemd: uninitialized urandom read (16 bytes read)
         Starting Journal Service...
[   16.635103] random: systemd: uninitialized urandom read (16 bytes read)
         Mounting Kernel Debug File System...
[[0;32m  OK  [0m] Mounted POSIX Message Queue File System.
[[0;32m  OK  [0m] Started Create list of required sta…vice nodes for the current kernel.
[[0;32m  OK  [0m] Mounted Huge Pages File System.
[[0;32m  OK  [0m] Mounted Kernel Debug File System.
[[0;32m  OK  [0m] Started File System Check Daemon to report status.
         Starting Create Static Device Nodes in /dev...
[   16.693736] Loading iSCSI transport class v2.0-870.
[[0;32m  OK  [0m] Started File System Check on Root Device.
         Starting Remount Root and Kernel File Systems...
[[0;32m  OK  [0m] Started LVM2 metadata daemon.
[[0;32m  OK  [0m] Started Uncomplicated firewall.
[[0;32m  OK  [0m] Started udev Coldplug all Devices.
[[0;32m  OK  [0m] Started Journal Service.
[   16.879612] iscsi: registered transport (tcp)
[[0;32m  OK  [0m] Started Create Static Device Nodes in /dev.
[   17.042794] EXT4-fs (sda1): re-mounted. Opts: (null)
[[0;32m  OK  [0m] Started Remount Root and Kernel File Systems.
         Starting Load/Save Random Seed...
         Starting Flush Journal to Persistent Storage...
         Starting udev Kernel Device Manager...
[[0;32m  OK  [0m] Started Load/Save Random Seed.
[   17.441965] systemd-journald[436]: Received request to flush runtime journal from PID 1
[[0;32m  OK  [0m] Started Monitoring of LVM2 mirrors,…sing dmeventd or progress polling.
[   17.450596] iscsi: registered transport (iser)
[[0;32m  OK  [0m] Started Load Kernel Modules.
         Mounting Kernel Configuration File System...
         Mounting FUSE Control File System...
         Starting Apply Kernel Variables...
[[0;32m  OK  [0m] Mounted Kernel Configuration File System.
[[0;32m  OK  [0m] Mounted FUSE Control File System.
[[0;32m  OK  [0m] Started udev Kernel Device Manager.
[[0;32m  OK  [0m] Started Apply Kernel Variables.
[[0;32m  OK  [0m] Started Flush Journal to Persistent Storage.
[[0;32m  OK  [0m] Found device /dev/ttyS0.
[[0;32m  OK  [0m] Listening on Load/Save RF Kill Switch Status /dev/rfkill Watch.
         Mounting Arbitrary Executable File Formats File System...
[[0;32m  OK  [0m] Mounted Arbitrary Executable File Formats File System.
[[0;32m  OK  [0m] Started Set the console keyboard layout.
[[0;32m  OK  [0m] Started Dispatch Password Requests to Console Directory Watch.
[[0;32m  OK  [0m] Reached target Local Encrypted Volumes.
[[0;32m  OK  [0m] Reached target Local File Systems (Pre).
[[0;32m  OK  [0m] Reached target Local File Systems.
         Starting Commit a transient machine-id on disk...
         Starting AppArmor initialization...
         Starting Set console font and keymap...
         Starting Tell Plymouth To Write Out Runtime Data...
         Starting Create Volatile Files and Directories...
         Starting ebtables ruleset management...
[[0;32m  OK  [0m] Started Tell Plymouth To Write Out Runtime Data.
[[0;32m  OK  [0m] Started Create Volatile Files and Directories.
         Starting Update UTMP about System Boot/Shutdown...
[[0;32m  OK  [0m] Started Update UTMP about System Boot/Shutdown.
[[0;32m  OK  [0m] Started Commit a transient machine-id on disk.
[[0;32m  OK  [0m] Started ebtables ruleset management.
[[0;32m  OK  [0m] Started AppArmor initialization.
         Starting Load AppArmor profiles managed internally by snapd...
         Starting Initial cloud-init job (pre-networking)...
[[0;32m  OK  [0m] Started Load AppArmor profiles managed internally by snapd.
[[0;32m  OK  [0m] Started Set console font and keymap.
[   26.149514] cloud-init[745]: Cloud-init v. 22.4.2-0ubuntu0~18.04.1 running 'init-local' at Thu, 19 Jan 2023 18:35:40 +0000. Up 25.30 seconds.
[[0;32m  OK  [0m] Started Initial cloud-init job (pre-networking).
[[0;32m  OK  [0m] Reached target Network (Pre).
         Starting Network Service...
[[0;32m  OK  [0m] Started Network Service.
         Starting Network Name Resolution...
         Starting Wait for Network to be Configured...
[[0;32m  OK  [0m] Started Wait for Network to be Configured.
         Starting Initial cloud-init job (metadata service crawler)...
[[0;32m  OK  [0m] Started Network Name Resolution.
[[0;32m  OK  [0m] Reached target Host and Network Name Lookups.
[[0;32m  OK  [0m] Reached target Network.
[   30.561740] cloud-init[1059]: Cloud-init v. 22.4.2-0ubuntu0~18.04.1 running 'init' at Thu, 19 Jan 2023 18:35:44 +0000. Up 29.37 seconds.
[   30.564779] cloud-init[1059]: ci-info: ++++++++++++++++++++++++++++++++++++++Net device info+++++++++++++++++++++++++++++++++++++++
[   30.568427] cloud-init[1059]: ci-info: +--------+-------+----------------------------+---------------+--------+-------------------+
[   30.572511] cloud-init[1059]: ci-info: | Device |   Up  |          Address           |      Mask     | Scope  |     Hw-Address    |
[   30.576742] cloud-init[1059]: ci-info: +--------+-------+----------------------------+---------------+--------+-------------------+
[   30.580340] cloud-init[1059]: ci-info: | enp0s3 |  True |         10.0.2.15          | 255.255.255.0 | global | 02:b0:55:75:d1:60 |
[   30.583915] cloud-init[1059]: ci-info: | enp0s3 |  True | fe80::b0:55ff:fe75:d160/64 |       .       |  link  | 02:b0:55:75:d1:60 |
[   30.587821] cloud-init[1059]: ci-info: | enp0s8 | False |             .              |       .       |   .    | 08:00:27:6e:89:5c |
[   30.591663] cloud-init[1059]: ci-info: |   lo   |  True |         127.0.0.1          |   255.0.0.0   |  host  |         .         |
[   30.595131] cloud-init[1059]: ci-info: |   lo   |  True |          ::1/128           |       .       |  host  |         .         |
[   30.599110] cloud-init[1059]: ci-info: +--------+-------+----------------------------+---------------+--------+-------------------+
[   30.602768] cloud-init[1059]: ci-info: ++++++++++++++++++++++++++++Route IPv4 info+++++++++++++++++++++++++++++
[   30.605855] cloud-init[1059]: ci-info: +-------+-------------+----------+-----------------+-----------+-------+
[   30.609354] cloud-init[1059]: ci-info: | Route | Destination | Gateway  |     Genmask     | Interface | Flags |
[   30.612828] cloud-init[1059]: ci-info: +-------+-------------+----------+-----------------+-----------+-------+
[   30.615715] cloud-init[1059]: ci-info: |   0   |   0.0.0.0   | 10.0.2.2 |     0.0.0.0     |   enp0s3  |   UG  |
[   30.619260] cloud-init[1059]: ci-info: |   1   |   10.0.2.0  | 0.0.0.0  |  255.255.255.0  |   enp0s3  |   U   |
[   30.621875] cloud-init[1059]: ci-info: |   2   |   10.0.2.2  | 0.0.0.0  | 255.255.255.255 |   enp0s3  |   UH  |
[   30.624126] cloud-init[1059]: ci-info: +-------+-------------+----------+-----------------+-----------+-------+
[   30.626226] cloud-init[1059]: ci-info: +++++++++++++++++++Route IPv6 info+++++++++++++++++++
[   30.628140] cloud-init[1059]: ci-info: +-------+-------------+---------+-----------+-------+
[   30.629911] cloud-init[1059]: ci-info: | Route | Destination | Gateway | Interface | Flags |
[   30.631898] cloud-init[1059]: ci-info: +-------+-------------+---------+-----------+-------+
[   30.644599] cloud-init[1059]: ci-info: |   1   |  fe80::/64  |    ::   |   enp0s3  |   U   |
[   30.647173] cloud-init[1059]: ci-info: |   3   |    local    |    ::   |   enp0s3  |   U   |
[   30.649566] cloud-init[1059]: ci-info: |   4   |   ff00::/8  |    ::   |   enp0s3  |   U   |
[   30.651850] cloud-init[1059]: ci-info: +-------+-------------+---------+-----------+-------+
[   33.168383] cloud-init[1059]: Generating public/private rsa key pair.
[   33.170055] cloud-init[1059]: Your identification has been saved in /etc/ssh/ssh_host_rsa_key.
[   33.172988] cloud-init[1059]: Your public key has been saved in /etc/ssh/ssh_host_rsa_key.pub.
[   33.175564] cloud-init[1059]: The key fingerprint is:
[   33.178208] cloud-init[1059]: SHA256:YsMLNKb/9+RwvkJ7L3nocRSJ8S9qannK0XrQ6GphIKA root@ubuntu-bionic
[   33.181106] cloud-init[1059]: The key's randomart image is:
[   33.193573] cloud-init[1059]: +---[RSA 2048]----+
[   33.195358] cloud-init[1059]: |          .      |
[   33.217474] cloud-init[1059]: |.          + .   |
[   33.218794] cloud-init[1059]: |..  +     . +    |
[   33.233327] cloud-init[1059]: |E .+.o       o   |
[   33.253045] cloud-init[1059]: |  ....= So  o .  |
[   33.254314] cloud-init[1059]: |   . oo++..o .   |
[   33.256779] cloud-init[1059]: |    ...+o+Bo.    |
[   33.258193] cloud-init[1059]: |     ...B@Bo.    |
[   33.259522] cloud-init[1059]: |     .o+=O*=.    |
[   33.272445] cloud-init[1059]: +----[SHA256]-----+
[   33.273971] cloud-init[1059]: Generating public/private dsa key pair.
[   33.275704] cloud-init[1059]: Your identification has been saved in /etc/ssh/ssh_host_dsa_key.
[   33.278632] cloud-init[1059]: Your public key has been saved in /etc/ssh/ssh_host_dsa_key.pub.
[   33.280641] cloud-init[1059]: The key fingerprint is:
[[0;32m  OK  [0m] Started Initial cloud-init job (metadata service crawler).
[   33.282993] cloud-init[1059]: SHA256:xPADXfNkumeA/au2KfhvxtblizGe2T66YcJbMjV80Hw root@ubuntu-bionic
[[0;32m  OK  [0m] Reached target Network is Online.
[   33.407617] cloud-init[1059]: The key's randomart image is:
[   33.411327] cloud-init[1059]: +---[DSA 1024]----+
[   33.413984] cloud-init[1059]: |      o. .o o    |
         Starting Availability of block devices...
[   33.426124] cloud-init[1059]: |       =.o * o   |
[[0;32m  OK  [0m] Reached target Remote File Systems (Pre).
[   33.436634] cloud-init[1059]: |        * + o o E|
[[0;32m  OK  [0m] Reached target Remote File Systems.
[   33.448664] cloud-init[1059]: |       . . = . . |
[   34.052552] cloud-init[1059]: |        S . B .  |
[[0;32m  OK  [0m] Reached target Cloud-config availability.
[   34.053051] cloud-init[1059]: |         . + +.  |
[[0;32m  OK  [0m] Reached target System Initialization.
[   34.059183] cloud-init[1059]: |       . .=.Bo   |
[[0;32m  OK  [0m] Started Discard unused blocks once a week.
[   34.247642] cloud-init[1059]: |      . . *@.Oo  |
[[   34.406775] [0;32m  OK  [0mcloud-init] [1059]: Started Message of the Day.|       ..B*.B++o |

[   34.407199] cloud-init[1059]: +----[SHA256]-----+
[   34.411465] cloud-init[1059]: Generating public/private ecdsa key pair.
[   34.414019] cloud-init[1059]: Your identification has been saved in /etc/ssh/ssh_host_ecdsa_key.
         Starting LXD - unix socket.
[   34.419462] cloud-init[1059]: Your public key has been saved in /etc/ssh/ssh_host_ecdsa_key.pub.
[[0;32m  OK  [0m] Listening on cloud-init hotplug hook socket.
[[0;32m  OK  [0m] Listening on Open-iSCSI iscsid Socket.
[   34.423164] cloud-init[1059]: The key fingerprint is:         Starting Socket activation for snappy daemon.
[[0;32m  OK  [0m] Listening on UUID daemon activation socket.
[[0;32m  OK  [0m] Listening on ACPID Listen Socket.
[[0;32m  OK  [0m] Started Daily Cleanup of Temporary Directories.
[[0;32m  OK  [0m] Started Ubuntu Advantage Timer for running repeated jobs.
[[0;32m  OK  [0m] Started ACPI Events Check.

[[0;32m  OK  [0m] Reached target Paths.
[   34.447322] cloud-init[1059]: SHA256:6z3nx7Y+Alzah36yieTObXC+MgL4Z3gY4MXeVfN9XFw root@ubuntu-bionic
[[   34.448225] [0;32m  OK  [0mcloud-init] [1059]: Started Daily apt download activities.The key's randomart image is:

[[0;32m  OK  [0m] Started Daily apt upgrade and clean activities.
[   34.453884] cloud-init[[0;32m  OK  [0m[1059]: ] +---[ECDSA 256]---+Reached target Timers.

[[0;32m  OK  [0m] Listening on D-Bus System Message Bus Socket.
[   34.458714] cloud-init[1059]: |               .E|
[   34.461216] cloud-init[1059]: |            o   o|
[[0;32m  OK  [0m] Started Availability of block devices.
[   34.463051] cloud-init[1059]: |     .     . o o.|
[[0;32m  OK  [0m] Listening on LXD - unix socket.
[   34.480347] cloud-init[1059]: |    . o   . . . +|
[[0;32m  OK  [0m] Listening on Socket activation for snappy daemon.
[   34.483650] cloud-init[1059]: |   . = .So + .  .|
[[0;32m  OK  [0m] Reached target Sockets.
[[   34.487700] [0;32m  OK  [0mcloud-init] [1059]: Reached target Basic System.|    o + ..= + .  |

[   34.492376] cloud-init[1059]: |     . =. .* o   |
         Starting LSB: automatic crash report generation...
[   34.494189] cloud-init[1059]: |      +.==+oB.*  |
[   34.498176] cloud-init[1059]: |       +.o*B*Xoo |
         [   34.512372] cloud-init[1059]: +----[SHA256]-----+
[   34.513035] cloud-init[1059]: Generating public/private ed25519 key pair.
[   34.513779] cloud-init[1059]: Your identification has been saved in /etc/ssh/ssh_host_ed25519_key.
[   34.518890] cloud-init[1059]: Your public key has been saved in /etc/ssh/ssh_host_ed25519_key.pub.
[   34.521398] cloud-init[1059]: The key fingerprint is:
[   34.523058] cloud-init[1059]: SHA256:z+pzN+Yn0GunLYOxviEs0JzgTTi0h1dOVJLkib6ucaI root@ubuntu-bionic
[   34.524630] cloud-init[1059]: The key's randomart image is:
[   34.527887] cloud-init[1059]: +--[ED25519 256]--+
[   34.530171] cloud-init[1059]: |    .  o*o.      |
[   34.532473] cloud-init[1059]: |   . + *.o       |
[   34.533080] cloud-init[1059]: |    * = +        |
Starting Snap Daemon...[   34.535729] cloud-init[1059]: |   . @ .         |
[   34.538722] cloud-init[1059]: |    o * S  .     |
[   34.540697] cloud-init[1059]: |     . o oo .    |
[   34.542000] cloud-init[1059]: |    o + o += .   |
[   34.543577] cloud-init[1059]: |   . = ..o+.X.o  |

[   34.546122] cloud-init[1059]: |  E ....o+o*oO.  |
[   34.547747] cloud-init[1059]: +----[SHA256]-----+
[[0;32m  OK  [0m] Started irqbalance daemon.
         Starting Login Service...
[[0;32m  OK  [0m] Started Regular background program processing daemon.
         Starting Pollinate to seed the pseudo random number generator...
         Starting Accounts Service...
         Starting System Logging Service...
         Starting Virtualbox guest utils...
[[0;32m  OK  [0m] Reached target Login Prompts (Pre).
[[0;32m  OK  [0m] Started D-Bus System Message Bus.
[[0;32m  OK  [0m] Started Login Service.
[[0;32m  OK  [0m] Started Unattended Upgrades Shutdown.
         Starting Dispatcher daemon for systemd-networkd...
         Starting Permit User Sessions...
[[0;32m  OK  [0m] Started Deferred execution scheduler.
         Starting LSB: Record successful boot for GRUB...
[[0;32m  OK  [0m] Started FUSE filesystem for LXC.
         Starting LXD - container startup/shutdown...
[[0;32m  OK  [0m] Started System Logging Service.
[[0;32m  OK  [0m] Started Permit User Sessions.
         Starting Authorization Manager...
         Starting Hold until boot process finishes up...
         Starting Terminate Plymouth Boot Screen...
[[0;32m  OK  [0m] Started LSB: automatic crash report generation.
[[0;32m  OK  [0m] Started Hold until boot process finishes up.
[[0;32m  OK  [0m] Started Terminate Plymouth Boot Screen.
         Starting Set console scheme...
[[0;32m  OK  [0m] Started Serial Getty on ttyS0.
[[0;32m  OK  [0m] Started Set console scheme.
[[0;32m  OK  [0m] Created slice system-getty.slice.
[[0;32m  OK  [0m] Started Getty on tty1.
[[0;32m  OK  [0m] Reached target Login Prompts.
[[0;32m  OK  [0m] Started LSB: Record successful boot for GRUB.
[[0;32m  OK  [0m] Started Authorization Manager.
[[0;32m  OK  [0m] Started Accounts Service.
[[0;32m  OK  [0m] Started Virtualbox guest utils.
[[0;32m  OK  [0m] Started Dispatcher daemon for systemd-networkd.
[[0;32m  OK  [0m] Started LXD - container startup/shutdown.
[[0;32m  OK  [0m] Started Snap Daemon.
         Starting Wait until snapd is fully seeded...
[[0;32m  OK  [0m] Started Pollinate to seed the pseudo random number generator.
         Starting OpenBSD Secure Shell server...
[[0;32m  OK  [0m] Started OpenBSD Secure Shell server.
         Starting Time & Date Service...
[[0;32m  OK  [0m] Started Time & Date Service.
[[0;32m  OK  [0m] Started Wait until snapd is fully seeded.
         Starting Apply the settings specified in cloud-config...
[[0;32m  OK  [0m] Created slice User Slice of vagrant.
         Starting User Manager for UID 1000...
[[0;32m  OK  [0m] Started Session 1 of user vagrant.
[[0;32m  OK  [0m] Started User Manager for UID 1000.

Ubuntu 18.04.6 LTS ubuntu-bionic ttyS0

ubuntu-bionic login: [   42.579970] cloud-init[1686]: Cloud-init v. 22.4.2-0ubuntu0~18.04.1 running 'modules:config' at Thu, 19 Jan 2023 18:35:55 +0000. Up 40.07 seconds.
ci-info: no authorized SSH keys fingerprints found for user ubuntu.
<14>Jan 19 18:35:59 cloud-init: #############################################################
<14>Jan 19 18:36:00 cloud-init: -----BEGIN SSH HOST KEY FINGERPRINTS-----
<14>Jan 19 18:36:00 cloud-init: 1024 SHA256:xPADXfNkumeA/au2KfhvxtblizGe2T66YcJbMjV80Hw root@ubuntu-bionic (DSA)
<14>Jan 19 18:36:00 cloud-init: 256 SHA256:6z3nx7Y+Alzah36yieTObXC+MgL4Z3gY4MXeVfN9XFw root@ubuntu-bionic (ECDSA)
<14>Jan 19 18:36:00 cloud-init: 256 SHA256:z+pzN+Yn0GunLYOxviEs0JzgTTi0h1dOVJLkib6ucaI root@ubuntu-bionic (ED25519)
<14>Jan 19 18:36:00 cloud-init: 2048 SHA256:YsMLNKb/9+RwvkJ7L3nocRSJ8S9qannK0XrQ6GphIKA root@ubuntu-bionic (RSA)
<14>Jan 19 18:36:00 cloud-init: -----END SSH HOST KEY FINGERPRINTS-----
<14>Jan 19 18:36:00 cloud-init: #############################################################
-----BEGIN SSH HOST KEY KEYS-----
ecdsa-sha2-nistp256 AAAAE2VjZHNhLXNoYTItbmlzdHAyNTYAAAAIbmlzdHAyNTYAAABBBHXKltsVfbscnV5jbH0Ovx4PLN95rl4JikLBSOcw/dVXI6+oeN80bhV26azlP4rwT2jcr58E5Rd/oMpL8y3Z1iE= root@ubuntu-bionic
ssh-ed25519 AAAAC3NzaC1lZDI1NTE5AAAAIE90aHCX5YEVwVyK/0lloENeuLTUc+DLx7MzLT2WrQl6 root@ubuntu-bionic
ssh-rsa AAAAB3NzaC1yc2EAAAADAQABAAABAQDKqK7b57ae5+RcmR9UfNe/Izfpef5CkOw2GF29VgeyRIwLkNyMVIinT16oC2TKK1X0j7UlcOWYCBDh7MXGzdxqbYCktWZZHaJboXJLRh60RsFM1CoL7VmbIi7fZJMP+mD14DZScF2257gI985jdASJ4tz+ZDpEAeST+TYwS/0uLKFLDLxTWZ7xERWTatE3cBDs5ogBadaC44uoHCPqI9A988bOyl+acVxCc+HLxFStBpRWh+MG7csmSlRfAGj5zmtFFVPKv1EriRGtHi/bXJed/DytfSxuxnnS2lDZejH6VrqbtN8rjWf1gCJyiyJR31xErYKZY4AEGhqfAMl8qLNL root@ubuntu-bionic
-----END SSH HOST KEY KEYS-----
[   44.861640] cloud-init[1812]: Cloud-init v. 22.4.2-0ubuntu0~18.04.1 running 'modules:final' at Thu, 19 Jan 2023 18:35:58 +0000. Up 43.65 seconds.
[   44.861946] cloud-init[1812]: Cloud-init v. 22.4.2-0ubuntu0~18.04.1 finished at Thu, 19 Jan 2023 18:36:00 +0000. Datasource DataSourceNoCloud [seed=/dev/sdb][dsmode=net].  Up 44.84 seconds
